<?xml version="1.0" encoding="UTF-8"?>
<testng-results ignored="0" total="5" passed="5" failed="0" skipped="0">
  <reporter-output>
  </reporter-output>
  <suite started-at="2021-10-13T11:48:28 IST" name="Default suite" finished-at="2021-10-13T11:51:08 IST" duration-ms="160231">
    <groups>
      <group name="cucumber">
        <method signature="AbstractTestNGCucumberTests.runScenario(io.cucumber.testng.PickleWrapper,io.cucumber.testng.FeatureWrapper)[pri:0, instance:Runner.AllRunner@6e20b53a]" name="runScenario" class="io.cucumber.testng.AbstractTestNGCucumberTests"/>
      </group> <!-- cucumber -->
    </groups>
    <test started-at="2021-10-13T11:48:28 IST" name="Default test" finished-at="2021-10-13T11:51:08 IST" duration-ms="160231">
      <class name="Runner.AllRunner">
        <test-method is-config="true" signature="setUpClass()[pri:0, instance:Runner.AllRunner@6e20b53a]" started-at="2021-10-13T11:48:28 IST" name="setUpClass" finished-at="2021-10-13T11:48:29 IST" duration-ms="1121" status="PASS">
          <reporter-output>
          </reporter-output>
        </test-method> <!-- setUpClass -->
        <test-method signature="runScenario(io.cucumber.testng.PickleWrapper,io.cucumber.testng.FeatureWrapper)[pri:0, instance:Runner.AllRunner@6e20b53a]" started-at="2021-10-13T11:48:29 IST" name="runScenario" description="Runs Cucumber Scenarios" data-provider="scenarios" finished-at="2021-10-13T11:48:46 IST" duration-ms="17023" status="PASS">
          <params>
            <param index="0">
              <value>
                <![CDATA["To validate the title of Bigbasket"]]>
              </value>
            </param>
            <param index="1">
              <value>
                <![CDATA["Optional[BigBasket URL]"]]>
              </value>
            </param>
          </params>
          <reporter-output>
          </reporter-output>
        </test-method> <!-- runScenario -->
        <test-method signature="runScenario(io.cucumber.testng.PickleWrapper,io.cucumber.testng.FeatureWrapper)[pri:0, instance:Runner.AllRunner@6e20b53a]" started-at="2021-10-13T11:48:46 IST" name="runScenario" description="Runs Cucumber Scenarios" data-provider="scenarios" finished-at="2021-10-13T11:49:18 IST" duration-ms="31480" status="PASS">
          <params>
            <param index="0">
              <value>
                <![CDATA["Test Popularity button is working"]]>
              </value>
            </param>
            <param index="1">
              <value>
                <![CDATA["Optional[BigBasket Deals]"]]>
              </value>
            </param>
          </params>
          <reporter-output>
          </reporter-output>
        </test-method> <!-- runScenario -->
        <test-method signature="runScenario(io.cucumber.testng.PickleWrapper,io.cucumber.testng.FeatureWrapper)[pri:0, instance:Runner.AllRunner@6e20b53a]" started-at="2021-10-13T11:49:18 IST" name="runScenario" description="Runs Cucumber Scenarios" data-provider="scenarios" finished-at="2021-10-13T11:49:45 IST" duration-ms="27721" status="PASS">
          <params>
            <param index="0">
              <value>
                <![CDATA["Test Price(low-high) button is working"]]>
              </value>
            </param>
            <param index="1">
              <value>
                <![CDATA["Optional[BigBasket Deals]"]]>
              </value>
            </param>
          </params>
          <reporter-output>
          </reporter-output>
        </test-method> <!-- runScenario -->
        <test-method signature="runScenario(io.cucumber.testng.PickleWrapper,io.cucumber.testng.FeatureWrapper)[pri:0, instance:Runner.AllRunner@6e20b53a]" started-at="2021-10-13T11:49:45 IST" name="runScenario" description="Runs Cucumber Scenarios" data-provider="scenarios" finished-at="2021-10-13T11:50:19 IST" duration-ms="33353" status="PASS">
          <params>
            <param index="0">
              <value>
                <![CDATA["Test Alphabetically button is working"]]>
              </value>
            </param>
            <param index="1">
              <value>
                <![CDATA["Optional[BigBasket Deals]"]]>
              </value>
            </param>
          </params>
          <reporter-output>
          </reporter-output>
        </test-method> <!-- runScenario -->
        <test-method signature="runScenario(io.cucumber.testng.PickleWrapper,io.cucumber.testng.FeatureWrapper)[pri:0, instance:Runner.AllRunner@6e20b53a]" started-at="2021-10-13T11:50:19 IST" name="runScenario" description="Runs Cucumber Scenarios" data-provider="scenarios" finished-at="2021-10-13T11:51:07 IST" duration-ms="48650" status="PASS">
          <params>
            <param index="0">
              <value>
                <![CDATA["To check whether items in offer page is added to cart and quantity is change"]]>
              </value>
            </param>
            <param index="1">
              <value>
                <![CDATA["Optional[BigBasket Offers]"]]>
              </value>
            </param>
          </params>
          <reporter-output>
          </reporter-output>
        </test-method> <!-- runScenario -->
        <test-method is-config="true" signature="tearDownClass()[pri:0, instance:Runner.AllRunner@6e20b53a]" started-at="2021-10-13T11:51:07 IST" name="tearDownClass" finished-at="2021-10-13T11:51:08 IST" duration-ms="648" status="PASS">
          <reporter-output>
          </reporter-output>
        </test-method> <!-- tearDownClass -->
      </class> <!-- Runner.AllRunner -->
    </test> <!-- Default test -->
  </suite> <!-- Default suite -->
</testng-results>
